

Started GET "/" for 127.0.0.1 at 2014-11-01 22:06:06 +0900
  [1m[36mActiveRecord::SchemaMigration Load (3.7ms)[0m  [1mSELECT `schema_migrations`.* FROM `schema_migrations`[0m
Processing by TopController#index as HTML
  [1m[35m (0.7ms)[0m  SELECT COUNT(*) AS count_all, product_id AS product_id FROM `reviews` GROUP BY product_id ORDER BY count_all DESC
  [1m[36mProduct Load (0.4ms)[0m  [1mSELECT `products`.* FROM `products` ORDER BY id DESC LIMIT 20[0m
  [1m[35mReview Load (1.0ms)[0m  SELECT `reviews`.* FROM `reviews` WHERE `reviews`.`product_id` = 40
  [1m[36mReview Load (0.3ms)[0m  [1mSELECT `reviews`.* FROM `reviews` WHERE `reviews`.`product_id` = 39[0m
  [1m[35mReview Load (0.3ms)[0m  SELECT `reviews`.* FROM `reviews` WHERE `reviews`.`product_id` = 38
  [1m[36mReview Load (0.2ms)[0m  [1mSELECT `reviews`.* FROM `reviews` WHERE `reviews`.`product_id` = 37[0m
  [1m[35mReview Load (0.2ms)[0m  SELECT `reviews`.* FROM `reviews` WHERE `reviews`.`product_id` = 36
  [1m[36mReview Load (0.2ms)[0m  [1mSELECT `reviews`.* FROM `reviews` WHERE `reviews`.`product_id` = 35[0m
  [1m[35mReview Load (0.3ms)[0m  SELECT `reviews`.* FROM `reviews` WHERE `reviews`.`product_id` = 34
  [1m[36mReview Load (0.3ms)[0m  [1mSELECT `reviews`.* FROM `reviews` WHERE `reviews`.`product_id` = 33[0m
  [1m[35mReview Load (0.2ms)[0m  SELECT `reviews`.* FROM `reviews` WHERE `reviews`.`product_id` = 32
  [1m[36mReview Load (0.2ms)[0m  [1mSELECT `reviews`.* FROM `reviews` WHERE `reviews`.`product_id` = 31[0m
  [1m[35mReview Load (0.2ms)[0m  SELECT `reviews`.* FROM `reviews` WHERE `reviews`.`product_id` = 30
  [1m[36mReview Load (0.3ms)[0m  [1mSELECT `reviews`.* FROM `reviews` WHERE `reviews`.`product_id` = 29[0m
  [1m[35mReview Load (0.3ms)[0m  SELECT `reviews`.* FROM `reviews` WHERE `reviews`.`product_id` = 28
  [1m[36mReview Load (0.3ms)[0m  [1mSELECT `reviews`.* FROM `reviews` WHERE `reviews`.`product_id` = 27[0m
  [1m[35mReview Load (0.8ms)[0m  SELECT `reviews`.* FROM `reviews` WHERE `reviews`.`product_id` = 26
  [1m[36mReview Load (0.6ms)[0m  [1mSELECT `reviews`.* FROM `reviews` WHERE `reviews`.`product_id` = 25[0m
  [1m[35mReview Load (0.6ms)[0m  SELECT `reviews`.* FROM `reviews` WHERE `reviews`.`product_id` = 24
  [1m[36mReview Load (0.4ms)[0m  [1mSELECT `reviews`.* FROM `reviews` WHERE `reviews`.`product_id` = 23[0m
  [1m[35mReview Load (0.8ms)[0m  SELECT `reviews`.* FROM `reviews` WHERE `reviews`.`product_id` = 22
  [1m[36mReview Load (0.9ms)[0m  [1mSELECT `reviews`.* FROM `reviews` WHERE `reviews`.`product_id` = 21[0m
  Rendered top/index.html.erb within layouts/review_site (56.9ms)
  [1m[35mProduct Load (0.4ms)[0m  SELECT `products`.* FROM `products` WHERE `products`.`id` IN (1, 7, 6, 2, 3, 4, 18, 9) LIMIT 5
Completed 200 OK in 3418ms (Views: 3375.0ms | ActiveRecord: 14.7ms)


Started GET "/assets/application.css?body=1" for 127.0.0.1 at 2014-11-01 22:06:09 +0900


Started GET "/assets/top.css?body=1" for 127.0.0.1 at 2014-11-01 22:06:10 +0900


Started GET "/assets/turbolinks.js?body=1" for 127.0.0.1 at 2014-11-01 22:06:10 +0900


Started GET "/assets/review_site.css?body=1" for 127.0.0.1 at 2014-11-01 22:06:10 +0900


Started GET "/assets/works.css?body=1" for 127.0.0.1 at 2014-11-01 22:06:10 +0900


Started GET "/assets/jquery.js?body=1" for 127.0.0.1 at 2014-11-01 22:06:10 +0900


Started GET "/assets/top.js?body=1" for 127.0.0.1 at 2014-11-01 22:06:10 +0900


Started GET "/assets/works.js?body=1" for 127.0.0.1 at 2014-11-01 22:06:10 +0900


Started GET "/assets/jquery_ujs.js?body=1" for 127.0.0.1 at 2014-11-01 22:06:10 +0900


Started GET "/assets/application.js?body=1" for 127.0.0.1 at 2014-11-01 22:06:10 +0900


Started GET "/images/icons/icon-movie-poster.png" for 127.0.0.1 at 2014-11-01 22:06:10 +0900

ActionController::RoutingError (No route matches [GET] "/images/icons/icon-movie-poster.png"):
  actionpack (4.0.4) lib/action_dispatch/middleware/debug_exceptions.rb:21:in `call'
  actionpack (4.0.4) lib/action_dispatch/middleware/show_exceptions.rb:30:in `call'
  railties (4.0.4) lib/rails/rack/logger.rb:38:in `call_app'
  railties (4.0.4) lib/rails/rack/logger.rb:20:in `block in call'
  activesupport (4.0.4) lib/active_support/tagged_logging.rb:68:in `block in tagged'
  activesupport (4.0.4) lib/active_support/tagged_logging.rb:26:in `tagged'
  activesupport (4.0.4) lib/active_support/tagged_logging.rb:68:in `tagged'
  railties (4.0.4) lib/rails/rack/logger.rb:20:in `call'
  actionpack (4.0.4) lib/action_dispatch/middleware/request_id.rb:21:in `call'
  rack (1.5.2) lib/rack/methodoverride.rb:21:in `call'
  rack (1.5.2) lib/rack/runtime.rb:17:in `call'
  activesupport (4.0.4) lib/active_support/cache/strategy/local_cache.rb:83:in `call'
  rack (1.5.2) lib/rack/lock.rb:17:in `call'
  actionpack (4.0.4) lib/action_dispatch/middleware/static.rb:64:in `call'
  rack (1.5.2) lib/rack/sendfile.rb:112:in `call'
  railties (4.0.4) lib/rails/engine.rb:511:in `call'
  railties (4.0.4) lib/rails/application.rb:97:in `call'
  rack (1.5.2) lib/rack/lock.rb:17:in `call'
  rack (1.5.2) lib/rack/content_length.rb:14:in `call'
  rack (1.5.2) lib/rack/handler/webrick.rb:60:in `service'
  /Users/nari/.rbenv/versions/2.0.0-p247/lib/ruby/2.0.0/webrick/httpserver.rb:138:in `service'
  /Users/nari/.rbenv/versions/2.0.0-p247/lib/ruby/2.0.0/webrick/httpserver.rb:94:in `run'
  /Users/nari/.rbenv/versions/2.0.0-p247/lib/ruby/2.0.0/webrick/server.rb:295:in `block in start_thread'


  Rendered /Users/nari/.rbenv/versions/2.0.0-p247/lib/ruby/gems/2.0.0/gems/actionpack-4.0.4/lib/action_dispatch/middleware/templates/rescues/_trace.erb (1.2ms)
  Rendered /Users/nari/.rbenv/versions/2.0.0-p247/lib/ruby/gems/2.0.0/gems/actionpack-4.0.4/lib/action_dispatch/middleware/templates/routes/_route.html.erb (1.1ms)
  Rendered /Users/nari/.rbenv/versions/2.0.0-p247/lib/ruby/gems/2.0.0/gems/actionpack-4.0.4/lib/action_dispatch/middleware/templates/routes/_table.html.erb (6.9ms)
  Rendered /Users/nari/.rbenv/versions/2.0.0-p247/lib/ruby/gems/2.0.0/gems/actionpack-4.0.4/lib/action_dispatch/middleware/templates/rescues/routing_error.erb within rescues/layout (32.9ms)


Started GET "/assets/bambi-1.0.0.ttf?20140712" for 127.0.0.1 at 2014-11-01 22:06:10 +0900


Started GET "/" for 127.0.0.1 at 2014-11-01 22:07:22 +0900
Processing by TopController#index as HTML
  [1m[36m (0.3ms)[0m  [1mSELECT COUNT(*) AS count_all, product_id AS product_id FROM `reviews` GROUP BY product_id ORDER BY count_all DESC[0m
  [1m[35mProduct Load (0.2ms)[0m  SELECT `products`.* FROM `products` ORDER BY id DESC LIMIT 20
  [1m[36mReview Load (0.2ms)[0m  [1mSELECT `reviews`.* FROM `reviews` WHERE `reviews`.`product_id` = 40[0m
  [1m[35mReview Load (0.2ms)[0m  SELECT `reviews`.* FROM `reviews` WHERE `reviews`.`product_id` = 39
  [1m[36mReview Load (36.4ms)[0m  [1mSELECT `reviews`.* FROM `reviews` WHERE `reviews`.`product_id` = 38[0m
  [1m[35mReview Load (0.3ms)[0m  SELECT `reviews`.* FROM `reviews` WHERE `reviews`.`product_id` = 37
  [1m[36mReview Load (0.3ms)[0m  [1mSELECT `reviews`.* FROM `reviews` WHERE `reviews`.`product_id` = 36[0m
  [1m[35mReview Load (0.3ms)[0m  SELECT `reviews`.* FROM `reviews` WHERE `reviews`.`product_id` = 35
  [1m[36mReview Load (0.2ms)[0m  [1mSELECT `reviews`.* FROM `reviews` WHERE `reviews`.`product_id` = 34[0m
  [1m[35mReview Load (0.3ms)[0m  SELECT `reviews`.* FROM `reviews` WHERE `reviews`.`product_id` = 33
  [1m[36mReview Load (0.3ms)[0m  [1mSELECT `reviews`.* FROM `reviews` WHERE `reviews`.`product_id` = 32[0m
  [1m[35mReview Load (0.3ms)[0m  SELECT `reviews`.* FROM `reviews` WHERE `reviews`.`product_id` = 31
  [1m[36mReview Load (0.5ms)[0m  [1mSELECT `reviews`.* FROM `reviews` WHERE `reviews`.`product_id` = 30[0m
  [1m[35mReview Load (0.6ms)[0m  SELECT `reviews`.* FROM `reviews` WHERE `reviews`.`product_id` = 29
  [1m[36mReview Load (0.6ms)[0m  [1mSELECT `reviews`.* FROM `reviews` WHERE `reviews`.`product_id` = 28[0m
  [1m[35mReview Load (0.6ms)[0m  SELECT `reviews`.* FROM `reviews` WHERE `reviews`.`product_id` = 27
  [1m[36mReview Load (0.4ms)[0m  [1mSELECT `reviews`.* FROM `reviews` WHERE `reviews`.`product_id` = 26[0m
  [1m[35mReview Load (0.6ms)[0m  SELECT `reviews`.* FROM `reviews` WHERE `reviews`.`product_id` = 25
  [1m[36mReview Load (0.3ms)[0m  [1mSELECT `reviews`.* FROM `reviews` WHERE `reviews`.`product_id` = 24[0m
  [1m[35mReview Load (0.2ms)[0m  SELECT `reviews`.* FROM `reviews` WHERE `reviews`.`product_id` = 23
  [1m[36mReview Load (0.2ms)[0m  [1mSELECT `reviews`.* FROM `reviews` WHERE `reviews`.`product_id` = 22[0m
  [1m[35mReview Load (0.2ms)[0m  SELECT `reviews`.* FROM `reviews` WHERE `reviews`.`product_id` = 21
  Rendered top/index.html.erb within layouts/review_site (64.8ms)
  [1m[36mProduct Load (0.3ms)[0m  [1mSELECT `products`.* FROM `products` WHERE `products`.`id` IN (1, 7, 6, 2, 3, 4, 18, 9) LIMIT 5[0m
Completed 200 OK in 72ms (Views: 26.2ms | ActiveRecord: 43.6ms)


Started GET "/assets/application.css?body=1" for 127.0.0.1 at 2014-11-01 22:07:22 +0900


Started GET "/assets/review_site.css?body=1" for 127.0.0.1 at 2014-11-01 22:07:22 +0900


Started GET "/assets/works.css?body=1" for 127.0.0.1 at 2014-11-01 22:07:22 +0900


Started GET "/assets/jquery.js?body=1" for 127.0.0.1 at 2014-11-01 22:07:22 +0900


Started GET "/assets/jquery_ujs.js?body=1" for 127.0.0.1 at 2014-11-01 22:07:22 +0900


Started GET "/assets/top.css?body=1" for 127.0.0.1 at 2014-11-01 22:07:22 +0900


Started GET "/assets/turbolinks.js?body=1" for 127.0.0.1 at 2014-11-01 22:07:22 +0900


Started GET "/assets/top.js?body=1" for 127.0.0.1 at 2014-11-01 22:07:22 +0900


Started GET "/assets/application.js?body=1" for 127.0.0.1 at 2014-11-01 22:07:22 +0900


Started GET "/assets/works.js?body=1" for 127.0.0.1 at 2014-11-01 22:07:22 +0900


Started GET "/images/icons/icon-movie-poster.png" for 127.0.0.1 at 2014-11-01 22:07:22 +0900

ActionController::RoutingError (No route matches [GET] "/images/icons/icon-movie-poster.png"):
  actionpack (4.0.4) lib/action_dispatch/middleware/debug_exceptions.rb:21:in `call'
  actionpack (4.0.4) lib/action_dispatch/middleware/show_exceptions.rb:30:in `call'
  railties (4.0.4) lib/rails/rack/logger.rb:38:in `call_app'
  railties (4.0.4) lib/rails/rack/logger.rb:20:in `block in call'
  activesupport (4.0.4) lib/active_support/tagged_logging.rb:68:in `block in tagged'
  activesupport (4.0.4) lib/active_support/tagged_logging.rb:26:in `tagged'
  activesupport (4.0.4) lib/active_support/tagged_logging.rb:68:in `tagged'
  railties (4.0.4) lib/rails/rack/logger.rb:20:in `call'
  actionpack (4.0.4) lib/action_dispatch/middleware/request_id.rb:21:in `call'
  rack (1.5.2) lib/rack/methodoverride.rb:21:in `call'
  rack (1.5.2) lib/rack/runtime.rb:17:in `call'
  activesupport (4.0.4) lib/active_support/cache/strategy/local_cache.rb:83:in `call'
  rack (1.5.2) lib/rack/lock.rb:17:in `call'
  actionpack (4.0.4) lib/action_dispatch/middleware/static.rb:64:in `call'
  rack (1.5.2) lib/rack/sendfile.rb:112:in `call'
  railties (4.0.4) lib/rails/engine.rb:511:in `call'
  railties (4.0.4) lib/rails/application.rb:97:in `call'
  rack (1.5.2) lib/rack/lock.rb:17:in `call'
  rack (1.5.2) lib/rack/content_length.rb:14:in `call'
  rack (1.5.2) lib/rack/handler/webrick.rb:60:in `service'
  /Users/nari/.rbenv/versions/2.0.0-p247/lib/ruby/2.0.0/webrick/httpserver.rb:138:in `service'
  /Users/nari/.rbenv/versions/2.0.0-p247/lib/ruby/2.0.0/webrick/httpserver.rb:94:in `run'
  /Users/nari/.rbenv/versions/2.0.0-p247/lib/ruby/2.0.0/webrick/server.rb:295:in `block in start_thread'


  Rendered /Users/nari/.rbenv/versions/2.0.0-p247/lib/ruby/gems/2.0.0/gems/actionpack-4.0.4/lib/action_dispatch/middleware/templates/rescues/_trace.erb (1.1ms)
  Rendered /Users/nari/.rbenv/versions/2.0.0-p247/lib/ruby/gems/2.0.0/gems/actionpack-4.0.4/lib/action_dispatch/middleware/templates/routes/_route.html.erb (1.1ms)
  Rendered /Users/nari/.rbenv/versions/2.0.0-p247/lib/ruby/gems/2.0.0/gems/actionpack-4.0.4/lib/action_dispatch/middleware/templates/routes/_table.html.erb (1.0ms)
  Rendered /Users/nari/.rbenv/versions/2.0.0-p247/lib/ruby/gems/2.0.0/gems/actionpack-4.0.4/lib/action_dispatch/middleware/templates/rescues/routing_error.erb within rescues/layout (21.0ms)


Started GET "/assets/bambi-1.0.0.ttf?20140712" for 127.0.0.1 at 2014-11-01 22:07:22 +0900


Started GET "/" for 127.0.0.1 at 2014-11-01 22:16:03 +0900
Processing by TopController#index as HTML
  [1m[35m (0.2ms)[0m  SELECT COUNT(*) AS count_all, product_id AS product_id FROM `reviews` GROUP BY product_id ORDER BY count_all DESC
  Rendered top/index.html.erb within layouts/review_site (0.1ms)
  [1m[36mProduct Load (0.3ms)[0m  [1mSELECT `products`.* FROM `products` WHERE `products`.`id` IN (1, 7, 6, 2, 3, 4, 18, 9) LIMIT 5[0m
Completed 200 OK in 20ms (Views: 9.1ms | ActiveRecord: 3.6ms)


Started GET "/assets/review_site.css?body=1" for 127.0.0.1 at 2014-11-01 22:16:04 +0900


Started GET "/assets/jquery.js?body=1" for 127.0.0.1 at 2014-11-01 22:16:04 +0900


Started GET "/assets/works.css?body=1" for 127.0.0.1 at 2014-11-01 22:16:04 +0900


Started GET "/assets/top.css?body=1" for 127.0.0.1 at 2014-11-01 22:16:04 +0900


Started GET "/assets/jquery_ujs.js?body=1" for 127.0.0.1 at 2014-11-01 22:16:04 +0900


Started GET "/assets/application.css?body=1" for 127.0.0.1 at 2014-11-01 22:16:04 +0900


Started GET "/assets/turbolinks.js?body=1" for 127.0.0.1 at 2014-11-01 22:16:04 +0900


Started GET "/assets/top.js?body=1" for 127.0.0.1 at 2014-11-01 22:16:04 +0900


Started GET "/assets/works.js?body=1" for 127.0.0.1 at 2014-11-01 22:16:04 +0900


Started GET "/assets/application.js?body=1" for 127.0.0.1 at 2014-11-01 22:16:04 +0900


Started GET "/assets/bambi-1.0.0.ttf?20140712" for 127.0.0.1 at 2014-11-01 22:16:04 +0900


Started GET "/" for 127.0.0.1 at 2014-11-01 22:17:22 +0900
Processing by TopController#index as HTML
  [1m[35m (0.3ms)[0m  SELECT COUNT(*) AS count_all, product_id AS product_id FROM `reviews` GROUP BY product_id ORDER BY count_all DESC
  [1m[36mProduct Load (0.3ms)[0m  [1mSELECT `products`.* FROM `products` ORDER BY id DESC LIMIT 20[0m
  [1m[35mReview Load (0.3ms)[0m  SELECT `reviews`.* FROM `reviews` WHERE `reviews`.`product_id` = 40
  [1m[36mReview Load (0.2ms)[0m  [1mSELECT `reviews`.* FROM `reviews` WHERE `reviews`.`product_id` = 39[0m
  [1m[35mReview Load (0.2ms)[0m  SELECT `reviews`.* FROM `reviews` WHERE `reviews`.`product_id` = 38
  [1m[36mReview Load (0.2ms)[0m  [1mSELECT `reviews`.* FROM `reviews` WHERE `reviews`.`product_id` = 37[0m
  [1m[35mReview Load (0.2ms)[0m  SELECT `reviews`.* FROM `reviews` WHERE `reviews`.`product_id` = 36
  [1m[36mReview Load (0.2ms)[0m  [1mSELECT `reviews`.* FROM `reviews` WHERE `reviews`.`product_id` = 35[0m
  [1m[35mReview Load (0.2ms)[0m  SELECT `reviews`.* FROM `reviews` WHERE `reviews`.`product_id` = 34
  [1m[36mReview Load (0.2ms)[0m  [1mSELECT `reviews`.* FROM `reviews` WHERE `reviews`.`product_id` = 33[0m
  [1m[35mReview Load (0.2ms)[0m  SELECT `reviews`.* FROM `reviews` WHERE `reviews`.`product_id` = 32
  [1m[36mReview Load (0.3ms)[0m  [1mSELECT `reviews`.* FROM `reviews` WHERE `reviews`.`product_id` = 31[0m
  [1m[35mReview Load (0.2ms)[0m  SELECT `reviews`.* FROM `reviews` WHERE `reviews`.`product_id` = 30
  [1m[36mReview Load (0.2ms)[0m  [1mSELECT `reviews`.* FROM `reviews` WHERE `reviews`.`product_id` = 29[0m
  [1m[35mReview Load (0.2ms)[0m  SELECT `reviews`.* FROM `reviews` WHERE `reviews`.`product_id` = 28
  [1m[36mReview Load (0.2ms)[0m  [1mSELECT `reviews`.* FROM `reviews` WHERE `reviews`.`product_id` = 27[0m
  [1m[35mReview Load (0.2ms)[0m  SELECT `reviews`.* FROM `reviews` WHERE `reviews`.`product_id` = 26
  [1m[36mReview Load (0.2ms)[0m  [1mSELECT `reviews`.* FROM `reviews` WHERE `reviews`.`product_id` = 25[0m
  [1m[35mReview Load (0.2ms)[0m  SELECT `reviews`.* FROM `reviews` WHERE `reviews`.`product_id` = 24
  [1m[36mReview Load (0.2ms)[0m  [1mSELECT `reviews`.* FROM `reviews` WHERE `reviews`.`product_id` = 23[0m
  [1m[35mReview Load (0.2ms)[0m  SELECT `reviews`.* FROM `reviews` WHERE `reviews`.`product_id` = 22
  [1m[36mReview Load (0.2ms)[0m  [1mSELECT `reviews`.* FROM `reviews` WHERE `reviews`.`product_id` = 21[0m
  Rendered top/index.html.erb within layouts/review_site (24.4ms)
  [1m[35mProduct Load (0.3ms)[0m  SELECT `products`.* FROM `products` WHERE `products`.`id` IN (1, 7, 6, 2, 3, 4, 18, 9) LIMIT 5
Completed 200 OK in 82ms (Views: 23.0ms | ActiveRecord: 9.5ms)


Started GET "/assets/application.css?body=1" for 127.0.0.1 at 2014-11-01 22:17:23 +0900


Started GET "/assets/review_site.css?body=1" for 127.0.0.1 at 2014-11-01 22:17:23 +0900


Started GET "/assets/jquery.js?body=1" for 127.0.0.1 at 2014-11-01 22:17:23 +0900


Started GET "/assets/top.css?body=1" for 127.0.0.1 at 2014-11-01 22:17:23 +0900


Started GET "/assets/works.css?body=1" for 127.0.0.1 at 2014-11-01 22:17:23 +0900


Started GET "/assets/jquery_ujs.js?body=1" for 127.0.0.1 at 2014-11-01 22:17:23 +0900


Started GET "/assets/top.js?body=1" for 127.0.0.1 at 2014-11-01 22:17:23 +0900


Started GET "/assets/turbolinks.js?body=1" for 127.0.0.1 at 2014-11-01 22:17:23 +0900


Started GET "/assets/works.js?body=1" for 127.0.0.1 at 2014-11-01 22:17:23 +0900


Started GET "/assets/application.js?body=1" for 127.0.0.1 at 2014-11-01 22:17:23 +0900


Started GET "/images/icons/icon-movie-poster.png" for 127.0.0.1 at 2014-11-01 22:17:23 +0900

ActionController::RoutingError (No route matches [GET] "/images/icons/icon-movie-poster.png"):
  actionpack (4.0.4) lib/action_dispatch/middleware/debug_exceptions.rb:21:in `call'
  actionpack (4.0.4) lib/action_dispatch/middleware/show_exceptions.rb:30:in `call'
  railties (4.0.4) lib/rails/rack/logger.rb:38:in `call_app'
  railties (4.0.4) lib/rails/rack/logger.rb:20:in `block in call'
  activesupport (4.0.4) lib/active_support/tagged_logging.rb:68:in `block in tagged'
  activesupport (4.0.4) lib/active_support/tagged_logging.rb:26:in `tagged'
  activesupport (4.0.4) lib/active_support/tagged_logging.rb:68:in `tagged'
  railties (4.0.4) lib/rails/rack/logger.rb:20:in `call'
  actionpack (4.0.4) lib/action_dispatch/middleware/request_id.rb:21:in `call'
  rack (1.5.2) lib/rack/methodoverride.rb:21:in `call'
  rack (1.5.2) lib/rack/runtime.rb:17:in `call'
  activesupport (4.0.4) lib/active_support/cache/strategy/local_cache.rb:83:in `call'
  rack (1.5.2) lib/rack/lock.rb:17:in `call'
  actionpack (4.0.4) lib/action_dispatch/middleware/static.rb:64:in `call'
  rack (1.5.2) lib/rack/sendfile.rb:112:in `call'
  railties (4.0.4) lib/rails/engine.rb:511:in `call'
  railties (4.0.4) lib/rails/application.rb:97:in `call'
  rack (1.5.2) lib/rack/lock.rb:17:in `call'
  rack (1.5.2) lib/rack/content_length.rb:14:in `call'
  rack (1.5.2) lib/rack/handler/webrick.rb:60:in `service'
  /Users/nari/.rbenv/versions/2.0.0-p247/lib/ruby/2.0.0/webrick/httpserver.rb:138:in `service'
  /Users/nari/.rbenv/versions/2.0.0-p247/lib/ruby/2.0.0/webrick/httpserver.rb:94:in `run'
  /Users/nari/.rbenv/versions/2.0.0-p247/lib/ruby/2.0.0/webrick/server.rb:295:in `block in start_thread'


  Rendered /Users/nari/.rbenv/versions/2.0.0-p247/lib/ruby/gems/2.0.0/gems/actionpack-4.0.4/lib/action_dispatch/middleware/templates/rescues/_trace.erb (1.3ms)
  Rendered /Users/nari/.rbenv/versions/2.0.0-p247/lib/ruby/gems/2.0.0/gems/actionpack-4.0.4/lib/action_dispatch/middleware/templates/routes/_route.html.erb (2.1ms)
  Rendered /Users/nari/.rbenv/versions/2.0.0-p247/lib/ruby/gems/2.0.0/gems/actionpack-4.0.4/lib/action_dispatch/middleware/templates/routes/_table.html.erb (2.0ms)
  Rendered /Users/nari/.rbenv/versions/2.0.0-p247/lib/ruby/gems/2.0.0/gems/actionpack-4.0.4/lib/action_dispatch/middleware/templates/rescues/routing_error.erb within rescues/layout (27.1ms)


Started GET "/assets/bambi-1.0.0.ttf?20140712" for 127.0.0.1 at 2014-11-01 22:17:23 +0900


Started GET "/" for 127.0.0.1 at 2014-11-01 22:17:33 +0900
Processing by TopController#index as HTML
  [1m[36m (0.2ms)[0m  [1mSELECT COUNT(*) AS count_all, product_id AS product_id FROM `reviews` GROUP BY product_id ORDER BY count_all DESC[0m
  Rendered top/index.html.erb within layouts/review_site (0.1ms)
  [1m[35mProduct Load (0.3ms)[0m  SELECT `products`.* FROM `products` WHERE `products`.`id` IN (1, 7, 6, 2, 3, 4, 18, 9) LIMIT 5
Completed 200 OK in 22ms (Views: 12.3ms | ActiveRecord: 3.3ms)


Started GET "/assets/application.css?body=1" for 127.0.0.1 at 2014-11-01 22:17:33 +0900


Started GET "/assets/review_site.css?body=1" for 127.0.0.1 at 2014-11-01 22:17:33 +0900


Started GET "/assets/jquery_ujs.js?body=1" for 127.0.0.1 at 2014-11-01 22:17:33 +0900


Started GET "/assets/top.css?body=1" for 127.0.0.1 at 2014-11-01 22:17:33 +0900


Started GET "/assets/works.css?body=1" for 127.0.0.1 at 2014-11-01 22:17:33 +0900


Started GET "/assets/jquery.js?body=1" for 127.0.0.1 at 2014-11-01 22:17:33 +0900


Started GET "/assets/turbolinks.js?body=1" for 127.0.0.1 at 2014-11-01 22:17:33 +0900


Started GET "/assets/top.js?body=1" for 127.0.0.1 at 2014-11-01 22:17:33 +0900


Started GET "/assets/works.js?body=1" for 127.0.0.1 at 2014-11-01 22:17:33 +0900


Started GET "/assets/application.js?body=1" for 127.0.0.1 at 2014-11-01 22:17:33 +0900


Started GET "/assets/bambi-1.0.0.ttf?20140712" for 127.0.0.1 at 2014-11-01 22:17:33 +0900


Started GET "/" for 127.0.0.1 at 2014-11-01 22:23:45 +0900
Processing by TopController#index as HTML
Completed 500 Internal Server Error in 45ms

NameError (uninitialized constant ReviewController::ReviewRank):
  app/controllers/review_controller.rb:8:in `set_ranking'


  Rendered /Users/nari/.rbenv/versions/2.0.0-p247/lib/ruby/gems/2.0.0/gems/actionpack-4.0.4/lib/action_dispatch/middleware/templates/rescues/_source.erb (0.7ms)
  Rendered /Users/nari/.rbenv/versions/2.0.0-p247/lib/ruby/gems/2.0.0/gems/actionpack-4.0.4/lib/action_dispatch/middleware/templates/rescues/_trace.erb (0.9ms)
  Rendered /Users/nari/.rbenv/versions/2.0.0-p247/lib/ruby/gems/2.0.0/gems/actionpack-4.0.4/lib/action_dispatch/middleware/templates/rescues/_request_and_response.erb (0.9ms)
  Rendered /Users/nari/.rbenv/versions/2.0.0-p247/lib/ruby/gems/2.0.0/gems/actionpack-4.0.4/lib/action_dispatch/middleware/templates/rescues/diagnostics.erb within rescues/layout (18.2ms)


Started GET "/" for 127.0.0.1 at 2014-11-01 22:24:22 +0900
Processing by TopController#index as HTML
  Rendered top/index.html.erb within layouts/review_site (0.1ms)
Completed 500 Internal Server Error in 5ms

ActionView::Template::Error (undefined method `each' for nil:NilClass):
    32:               <i class="icon-crown color-gray-light"></i>投稿ランキング
    33:             </h4>
    34:             <ul class="listview listview--condensed text-small">
    35:               <% @ranking.each.with_index(1) do |product, i| %>
    36:               <li data-cinema-id="346394">
    37:                 <a href="/products/<%= product.id %>">
    38:                   <div class="box">
  app/views/layouts/review_site.html.erb:35:in `_app_views_layouts_review_site_html_erb___1663226045166352281_70246318927340'


  Rendered /Users/nari/.rbenv/versions/2.0.0-p247/lib/ruby/gems/2.0.0/gems/actionpack-4.0.4/lib/action_dispatch/middleware/templates/rescues/_trace.erb (1.1ms)
  Rendered /Users/nari/.rbenv/versions/2.0.0-p247/lib/ruby/gems/2.0.0/gems/actionpack-4.0.4/lib/action_dispatch/middleware/templates/rescues/_request_and_response.erb (0.8ms)
  Rendered /Users/nari/.rbenv/versions/2.0.0-p247/lib/ruby/gems/2.0.0/gems/actionpack-4.0.4/lib/action_dispatch/middleware/templates/rescues/template_error.erb within rescues/layout (10.4ms)


Started GET "/" for 127.0.0.1 at 2014-11-01 22:24:23 +0900
Processing by TopController#index as HTML
  Rendered top/index.html.erb within layouts/review_site (0.0ms)
Completed 500 Internal Server Error in 5ms

ActionView::Template::Error (undefined method `each' for nil:NilClass):
    32:               <i class="icon-crown color-gray-light"></i>投稿ランキング
    33:             </h4>
    34:             <ul class="listview listview--condensed text-small">
    35:               <% @ranking.each.with_index(1) do |product, i| %>
    36:               <li data-cinema-id="346394">
    37:                 <a href="/products/<%= product.id %>">
    38:                   <div class="box">
  app/views/layouts/review_site.html.erb:35:in `_app_views_layouts_review_site_html_erb___1663226045166352281_70246318927340'


  Rendered /Users/nari/.rbenv/versions/2.0.0-p247/lib/ruby/gems/2.0.0/gems/actionpack-4.0.4/lib/action_dispatch/middleware/templates/rescues/_trace.erb (0.9ms)
  Rendered /Users/nari/.rbenv/versions/2.0.0-p247/lib/ruby/gems/2.0.0/gems/actionpack-4.0.4/lib/action_dispatch/middleware/templates/rescues/_request_and_response.erb (0.8ms)
  Rendered /Users/nari/.rbenv/versions/2.0.0-p247/lib/ruby/gems/2.0.0/gems/actionpack-4.0.4/lib/action_dispatch/middleware/templates/rescues/template_error.erb within rescues/layout (9.2ms)


Started GET "/" for 127.0.0.1 at 2014-11-01 22:25:09 +0900
Processing by TopController#index as HTML
  Rendered top/index.html.erb within layouts/review_site (0.1ms)
Completed 200 OK in 5ms (Views: 4.4ms | ActiveRecord: 0.0ms)


Started GET "/assets/application.css?body=1" for 127.0.0.1 at 2014-11-01 22:25:09 +0900


Started GET "/assets/jquery.js?body=1" for 127.0.0.1 at 2014-11-01 22:25:09 +0900


Started GET "/assets/turbolinks.js?body=1" for 127.0.0.1 at 2014-11-01 22:25:09 +0900


Started GET "/assets/review_site.css?body=1" for 127.0.0.1 at 2014-11-01 22:25:09 +0900


Started GET "/assets/top.css?body=1" for 127.0.0.1 at 2014-11-01 22:25:09 +0900


Started GET "/assets/jquery_ujs.js?body=1" for 127.0.0.1 at 2014-11-01 22:25:09 +0900


Started GET "/assets/works.css?body=1" for 127.0.0.1 at 2014-11-01 22:25:09 +0900


Started GET "/assets/top.js?body=1" for 127.0.0.1 at 2014-11-01 22:25:09 +0900


Started GET "/assets/works.js?body=1" for 127.0.0.1 at 2014-11-01 22:25:09 +0900


Started GET "/assets/application.js?body=1" for 127.0.0.1 at 2014-11-01 22:25:09 +0900


Started GET "/assets/bambi-1.0.0.ttf?20140712" for 127.0.0.1 at 2014-11-01 22:25:09 +0900


Started GET "/" for 127.0.0.1 at 2014-11-01 22:31:49 +0900
Processing by TopController#index as HTML
  Rendered top/index.html.erb within layouts/review_site (0.1ms)
Completed 200 OK in 6ms (Views: 4.4ms | ActiveRecord: 0.0ms)


Started GET "/assets/application.css?body=1" for 127.0.0.1 at 2014-11-01 22:31:49 +0900


Started GET "/assets/jquery_ujs.js?body=1" for 127.0.0.1 at 2014-11-01 22:31:49 +0900


Started GET "/assets/works.css?body=1" for 127.0.0.1 at 2014-11-01 22:31:49 +0900


Started GET "/assets/review_site.css?body=1" for 127.0.0.1 at 2014-11-01 22:31:49 +0900


Started GET "/assets/jquery.js?body=1" for 127.0.0.1 at 2014-11-01 22:31:49 +0900


Started GET "/assets/top.css?body=1" for 127.0.0.1 at 2014-11-01 22:31:49 +0900


Started GET "/assets/turbolinks.js?body=1" for 127.0.0.1 at 2014-11-01 22:31:49 +0900


Started GET "/assets/top.js?body=1" for 127.0.0.1 at 2014-11-01 22:31:49 +0900


Started GET "/assets/works.js?body=1" for 127.0.0.1 at 2014-11-01 22:31:49 +0900


Started GET "/assets/application.js?body=1" for 127.0.0.1 at 2014-11-01 22:31:49 +0900


Started GET "/assets/bambi-1.0.0.ttf?20140712" for 127.0.0.1 at 2014-11-01 22:31:49 +0900


Started GET "/" for 127.0.0.1 at 2014-11-01 22:31:50 +0900
Processing by TopController#index as HTML
  Rendered top/index.html.erb within layouts/review_site (0.1ms)
Completed 200 OK in 6ms (Views: 5.5ms | ActiveRecord: 0.0ms)


Started GET "/assets/application.css?body=1" for 127.0.0.1 at 2014-11-01 22:31:50 +0900


Started GET "/assets/review_site.css?body=1" for 127.0.0.1 at 2014-11-01 22:31:50 +0900


Started GET "/assets/top.css?body=1" for 127.0.0.1 at 2014-11-01 22:31:50 +0900


Started GET "/assets/jquery.js?body=1" for 127.0.0.1 at 2014-11-01 22:31:50 +0900


Started GET "/assets/works.css?body=1" for 127.0.0.1 at 2014-11-01 22:31:50 +0900


Started GET "/assets/jquery_ujs.js?body=1" for 127.0.0.1 at 2014-11-01 22:31:50 +0900


Started GET "/assets/turbolinks.js?body=1" for 127.0.0.1 at 2014-11-01 22:31:50 +0900


Started GET "/assets/top.js?body=1" for 127.0.0.1 at 2014-11-01 22:31:50 +0900


Started GET "/assets/works.js?body=1" for 127.0.0.1 at 2014-11-01 22:31:50 +0900


Started GET "/assets/application.js?body=1" for 127.0.0.1 at 2014-11-01 22:31:50 +0900


Started GET "/assets/bambi-1.0.0.ttf?20140712" for 127.0.0.1 at 2014-11-01 22:31:50 +0900


Started GET "/" for 127.0.0.1 at 2014-11-01 22:31:51 +0900
Processing by TopController#index as HTML
  Rendered top/index.html.erb within layouts/review_site (0.4ms)
Completed 200 OK in 4ms (Views: 3.8ms | ActiveRecord: 0.0ms)


Started GET "/search" for 127.0.0.1 at 2014-11-01 22:31:52 +0900
Processing by TopController#search as HTML
  Rendered top/search.html.erb within layouts/review_site (1.1ms)
Completed 200 OK in 5ms (Views: 4.8ms | ActiveRecord: 0.0ms)


Started GET "/search?utf8=%E2%9C%93&keyword=%E3%81%82" for 127.0.0.1 at 2014-11-01 22:31:55 +0900
Processing by TopController#search as HTML
  Parameters: {"utf8"=>"✓", "keyword"=>"あ"}
  Rendered top/search.html.erb within layouts/review_site (1.4ms)
Completed 200 OK in 6ms (Views: 5.6ms | ActiveRecord: 0.0ms)


Started GET "/assets/application.css?body=1" for 127.0.0.1 at 2014-11-01 22:31:55 +0900


Started GET "/assets/jquery_ujs.js?body=1" for 127.0.0.1 at 2014-11-01 22:31:55 +0900


Started GET "/assets/top.css?body=1" for 127.0.0.1 at 2014-11-01 22:31:55 +0900


Started GET "/assets/jquery.js?body=1" for 127.0.0.1 at 2014-11-01 22:31:55 +0900


Started GET "/assets/review_site.css?body=1" for 127.0.0.1 at 2014-11-01 22:31:55 +0900


Started GET "/assets/works.css?body=1" for 127.0.0.1 at 2014-11-01 22:31:55 +0900


Started GET "/assets/turbolinks.js?body=1" for 127.0.0.1 at 2014-11-01 22:31:55 +0900


Started GET "/assets/top.js?body=1" for 127.0.0.1 at 2014-11-01 22:31:55 +0900


Started GET "/assets/works.js?body=1" for 127.0.0.1 at 2014-11-01 22:31:55 +0900


Started GET "/assets/application.js?body=1" for 127.0.0.1 at 2014-11-01 22:31:55 +0900


Started GET "/assets/bambi-1.0.0.ttf?20140712" for 127.0.0.1 at 2014-11-01 22:31:55 +0900


Started GET "/" for 127.0.0.1 at 2014-11-01 22:31:57 +0900
Processing by TopController#index as HTML
  Rendered top/index.html.erb within layouts/review_site (0.1ms)
Completed 200 OK in 5ms (Views: 4.6ms | ActiveRecord: 0.0ms)


Started GET "/" for 127.0.0.1 at 2014-11-01 22:31:58 +0900
Processing by TopController#index as HTML
  Rendered top/index.html.erb within layouts/review_site (0.1ms)
Completed 200 OK in 5ms (Views: 4.4ms | ActiveRecord: 0.0ms)


Started GET "/" for 127.0.0.1 at 2014-11-01 22:31:58 +0900
Processing by TopController#index as HTML
  Rendered top/index.html.erb within layouts/review_site (0.0ms)
Completed 200 OK in 4ms (Views: 3.3ms | ActiveRecord: 0.0ms)


Started GET "/" for 127.0.0.1 at 2014-11-01 22:31:58 +0900
Processing by TopController#index as HTML
  Rendered top/index.html.erb within layouts/review_site (0.0ms)
Completed 200 OK in 4ms (Views: 3.1ms | ActiveRecord: 0.0ms)


Started GET "/" for 127.0.0.1 at 2014-11-01 22:31:58 +0900
Processing by TopController#index as HTML
  Rendered top/index.html.erb within layouts/review_site (0.0ms)
Completed 200 OK in 4ms (Views: 3.5ms | ActiveRecord: 0.0ms)


Started GET "/" for 127.0.0.1 at 2014-11-01 22:31:58 +0900
Processing by TopController#index as HTML
  Rendered top/index.html.erb within layouts/review_site (0.0ms)
Completed 200 OK in 4ms (Views: 3.6ms | ActiveRecord: 0.0ms)


Started GET "/search" for 127.0.0.1 at 2014-11-01 22:32:01 +0900
Processing by TopController#search as HTML
  Rendered top/search.html.erb within layouts/review_site (0.3ms)
Completed 200 OK in 4ms (Views: 3.5ms | ActiveRecord: 0.0ms)


Started GET "/search" for 127.0.0.1 at 2014-11-01 22:32:01 +0900
Processing by TopController#search as HTML
  Rendered top/search.html.erb within layouts/review_site (0.4ms)
Completed 200 OK in 5ms (Views: 4.2ms | ActiveRecord: 0.0ms)


Started GET "/search" for 127.0.0.1 at 2014-11-01 22:32:01 +0900
Processing by TopController#search as HTML
  Rendered top/search.html.erb within layouts/review_site (0.3ms)
Completed 200 OK in 4ms (Views: 3.5ms | ActiveRecord: 0.0ms)


Started GET "/search" for 127.0.0.1 at 2014-11-01 22:32:01 +0900
Processing by TopController#search as HTML
  Rendered top/search.html.erb within layouts/review_site (0.4ms)
Completed 200 OK in 5ms (Views: 4.2ms | ActiveRecord: 0.0ms)


Started GET "/search" for 127.0.0.1 at 2014-11-01 22:32:01 +0900
Processing by TopController#search as HTML
  Rendered top/search.html.erb within layouts/review_site (0.4ms)
Completed 200 OK in 5ms (Views: 4.1ms | ActiveRecord: 0.0ms)


Started GET "/" for 127.0.0.1 at 2014-11-01 22:32:03 +0900
Processing by TopController#index as HTML
  Rendered top/index.html.erb within layouts/review_site (0.0ms)
Completed 200 OK in 4ms (Views: 3.4ms | ActiveRecord: 0.0ms)


Started GET "/" for 127.0.0.1 at 2014-11-01 22:32:03 +0900
Processing by TopController#index as HTML
  Rendered top/index.html.erb within layouts/review_site (0.0ms)
Completed 200 OK in 4ms (Views: 3.4ms | ActiveRecord: 0.0ms)


Started GET "/" for 127.0.0.1 at 2014-11-01 22:32:03 +0900
Processing by TopController#index as HTML
  Rendered top/index.html.erb within layouts/review_site (0.0ms)
Completed 200 OK in 4ms (Views: 3.7ms | ActiveRecord: 0.0ms)


Started GET "/" for 127.0.0.1 at 2014-11-01 22:32:03 +0900
Processing by TopController#index as HTML
  Rendered top/index.html.erb within layouts/review_site (0.0ms)
Completed 200 OK in 4ms (Views: 3.2ms | ActiveRecord: 0.0ms)


Started GET "/" for ::1 at 2018-05-25 17:38:22 +0900
Processing by ProductsController#index as HTML
  Rendered products/index.html.erb within layouts/review_site (1.6ms)
Completed 200 OK in 2051ms (Views: 2042.4ms | ActiveRecord: 0.0ms)


Started GET "/assets/ranking.css?body=1" for ::1 at 2018-05-25 17:38:24 +0900


Started GET "/assets/application.css?body=1" for ::1 at 2018-05-25 17:38:24 +0900


Started GET "/assets/reviews.css?body=1" for ::1 at 2018-05-25 17:38:25 +0900


Started GET "/assets/jquery_ujs.js?body=1" for ::1 at 2018-05-25 17:38:25 +0900


Started GET "/assets/review_site.css?body=1" for ::1 at 2018-05-25 17:38:25 +0900


Started GET "/assets/jquery.js?body=1" for ::1 at 2018-05-25 17:38:25 +0900


Started GET "/assets/turbolinks.js?body=1" for ::1 at 2018-05-25 17:38:25 +0900


Started GET "/assets/ranking.js?body=1" for ::1 at 2018-05-25 17:38:25 +0900


Started GET "/assets/application.js?body=1" for ::1 at 2018-05-25 17:38:25 +0900


Started GET "/assets/reviews.js?body=1" for ::1 at 2018-05-25 17:38:25 +0900


Started GET "/assets/bambi-1.0.0.ttf?20140712" for ::1 at 2018-05-25 17:38:25 +0900
  [1m[36m (64.4ms)[0m  [1mCREATE TABLE `schema_migrations` (`version` varchar(255) NOT NULL) ENGINE=InnoDB[0m
  [1m[35m (29.6ms)[0m  CREATE UNIQUE INDEX `unique_schema_migrations`  ON `schema_migrations` (`version`) 
  [1m[36mActiveRecord::SchemaMigration Load (0.2ms)[0m  [1mSELECT `schema_migrations`.* FROM `schema_migrations`[0m
Migrating to CreateProducts (20180525110627)
DEPRECATION WARNING: `#timestamps` was called without specifying an option for `null`. In Rails 5, this behavior will change to `null: false`. You should manually specify `null: true` to prevent the behavior of your existing migrations from changing. (called from block in change at /Users/hayashiyoshino/projects/mooovi3/db/migrate/20180525110627_create_products.rb:6)
  [1m[35m (31.0ms)[0m  CREATE TABLE `products` (`id` int(11) auto_increment PRIMARY KEY, `title` varchar(255), `image_url` text, `created_at` datetime, `updated_at` datetime) ENGINE=InnoDB
  [1m[36m (0.2ms)[0m  [1mBEGIN[0m
  [1m[35mSQL (0.2ms)[0m  INSERT INTO `schema_migrations` (`version`) VALUES ('20180525110627')
  [1m[36m (6.3ms)[0m  [1mCOMMIT[0m
  [1m[35mActiveRecord::SchemaMigration Load (0.5ms)[0m  SELECT `schema_migrations`.* FROM `schema_migrations`
  [1m[36m (2.6ms)[0m  [1mSELECT fk.referenced_table_name as 'to_table'
      ,fk.referenced_column_name as 'primary_key'
      ,fk.column_name as 'column'
      ,fk.constraint_name as 'name'
FROM information_schema.key_column_usage fk
WHERE fk.referenced_column_name is not null
  AND fk.table_schema = 'mooovi3_development'
  AND fk.table_name = 'products'
[0m
  [1m[35m (0.3ms)[0m  SHOW CREATE TABLE `products`
  [1m[36m (0.1ms)[0m  [1mBEGIN[0m
  [1m[35mSQL (0.3ms)[0m  INSERT INTO `products` (`title`, `image_url`, `created_at`, `updated_at`) VALUES ('ケージ・ダイブ', 'http://eiga.k-img.com/images/movie/87277/photo/41d5d29a7ea46b41/320.jpg?1499062696', '2018-05-25 11:36:58', '2018-05-25 11:36:58')
  [1m[36m (0.5ms)[0m  [1mCOMMIT[0m
  [1m[35m (0.1ms)[0m  BEGIN
  [1m[36mSQL (0.3ms)[0m  [1mINSERT INTO `products` (`title`, `image_url`, `created_at`, `updated_at`) VALUES ('フェリシーと夢のトウシューズ', 'http://eiga.k-img.com/images/movie/86684/photo/e488779e0ed18eb9/320.jpg?1499740950', '2018-05-25 11:36:58', '2018-05-25 11:36:58')[0m
  [1m[35m (6.3ms)[0m  COMMIT
  [1m[36m (0.1ms)[0m  [1mBEGIN[0m
  [1m[35mSQL (0.2ms)[0m  INSERT INTO `products` (`title`, `image_url`, `created_at`, `updated_at`) VALUES ('海底47m', 'http://eiga.k-img.com/images/movie/86190/photo/aa98ce6f5526600d/320.jpg?1496300656', '2018-05-25 11:36:59', '2018-05-25 11:36:59')
  [1m[36m (5.6ms)[0m  [1mCOMMIT[0m
  [1m[35m (0.2ms)[0m  BEGIN
  [1m[36mSQL (0.3ms)[0m  [1mINSERT INTO `products` (`title`, `image_url`, `created_at`, `updated_at`) VALUES ('ハイドリヒを撃て！「ナチの野獣」暗殺作戦', 'http://eiga.k-img.com/images/movie/86851/photo/85704cea7bd6f6b2/320.jpg?1491358304', '2018-05-25 11:36:59', '2018-05-25 11:36:59')[0m
  [1m[35m (5.7ms)[0m  COMMIT
  [1m[36m (0.1ms)[0m  [1mBEGIN[0m
  [1m[35mSQL (0.2ms)[0m  INSERT INTO `products` (`title`, `image_url`, `created_at`, `updated_at`) VALUES ('RE:BORN リボーン', 'http://eiga.k-img.com/images/movie/87343/photo/614e1e14b2217216/320.jpg?1498007655', '2018-05-25 11:36:59', '2018-05-25 11:36:59')
  [1m[36m (5.7ms)[0m  [1mCOMMIT[0m
  [1m[35m (0.1ms)[0m  BEGIN
  [1m[36mSQL (0.3ms)[0m  [1mINSERT INTO `products` (`title`, `image_url`, `created_at`, `updated_at`) VALUES ('海の彼方', 'http://eiga.k-img.com/images/movie/86782/photo/eb83471baa036e3b/320.jpg?1496995253', '2018-05-25 11:37:00', '2018-05-25 11:37:00')[0m
  [1m[35m (5.6ms)[0m  COMMIT
  [1m[36m (0.1ms)[0m  [1mBEGIN[0m
  [1m[35mSQL (0.6ms)[0m  INSERT INTO `products` (`title`, `image_url`, `created_at`, `updated_at`) VALUES ('コスタリカの奇跡　積極的平和国家のつくり方', 'http://eiga.k-img.com/images/movie/87025/photo/0c7d3ffb139fe195/320.jpg?1499825157', '2018-05-25 11:37:00', '2018-05-25 11:37:00')
  [1m[36m (0.7ms)[0m  [1mCOMMIT[0m
  [1m[35m (0.1ms)[0m  BEGIN
  [1m[36mSQL (0.3ms)[0m  [1mINSERT INTO `products` (`title`, `image_url`, `created_at`, `updated_at`) VALUES ('チャルカ　未来を紡ぐ糸車', 'http://eiga.k-img.com/images/movie/87378/photo/c670dc0f6cc0133f/320.jpg?1499050431', '2018-05-25 11:37:00', '2018-05-25 11:37:00')[0m
  [1m[35m (0.5ms)[0m  COMMIT
  [1m[36m (0.2ms)[0m  [1mBEGIN[0m
  [1m[35mSQL (0.3ms)[0m  INSERT INTO `products` (`title`, `image_url`, `created_at`, `updated_at`) VALUES ('デス・レース2000年', 'http://eiga.k-img.com/images/movie/46975/photo/a128b80c7c15da37/320.jpg?1497924016', '2018-05-25 11:37:01', '2018-05-25 11:37:01')
  [1m[36m (5.6ms)[0m  [1mCOMMIT[0m
  [1m[35m (0.2ms)[0m  BEGIN
  [1m[36mSQL (0.2ms)[0m  [1mINSERT INTO `products` (`title`, `image_url`, `created_at`, `updated_at`) VALUES ('隣人のゆくえ　あの夏の歌声', 'http://eiga.k-img.com/images/movie/87223/photo/29fda6b687d32992/320.jpg?1496709969', '2018-05-25 11:37:01', '2018-05-25 11:37:01')[0m
  [1m[35m (5.6ms)[0m  COMMIT
  [1m[36m (0.1ms)[0m  [1mBEGIN[0m
  [1m[35mSQL (6.0ms)[0m  INSERT INTO `products` (`title`, `image_url`, `created_at`, `updated_at`) VALUES ('スパイダーマン　ホームカミング', 'http://eiga.k-img.com/images/movie/82383/photo/0b817fb31d09c8f8/320.jpg?1495614441', '2018-05-25 11:37:01', '2018-05-25 11:37:01')
  [1m[36m (0.6ms)[0m  [1mCOMMIT[0m
  [1m[35m (0.2ms)[0m  BEGIN
  [1m[36mSQL (0.3ms)[0m  [1mINSERT INTO `products` (`title`, `image_url`, `created_at`, `updated_at`) VALUES ('少女ファニーと運命の旅', 'http://eiga.k-img.com/images/movie/86923/photo/0594040d871cb912/320.jpg?1495070724', '2018-05-25 11:37:02', '2018-05-25 11:37:02')[0m
  [1m[35m (5.6ms)[0m  COMMIT
  [1m[36m (0.2ms)[0m  [1mBEGIN[0m
  [1m[35mSQL (0.3ms)[0m  INSERT INTO `products` (`title`, `image_url`, `created_at`, `updated_at`) VALUES ('劇場版　仮面ライダーエグゼイド　トゥルー・エンディング', 'http://eiga.k-img.com/images/movie/86299/photo/908fd8dbfaddae44/320.jpg?1499915987', '2018-05-25 11:37:02', '2018-05-25 11:37:02')
  [1m[36m (5.9ms)[0m  [1mCOMMIT[0m
  [1m[35m (0.1ms)[0m  BEGIN
  [1m[36mSQL (0.2ms)[0m  [1mINSERT INTO `products` (`title`, `image_url`, `created_at`, `updated_at`) VALUES ('エブリシング', 'http://eiga.k-img.com/images/movie/87147/photo/01cd83f50b35f592/320.jpg?1499651801', '2018-05-25 11:37:02', '2018-05-25 11:37:02')[0m
  [1m[35m (5.6ms)[0m  COMMIT
  [1m[36m (0.2ms)[0m  [1mBEGIN[0m
  [1m[35mSQL (0.2ms)[0m  INSERT INTO `products` (`title`, `image_url`, `created_at`, `updated_at`) VALUES ('夜明けの祈り', 'http://eiga.k-img.com/images/movie/86006/photo/21db1e76444cdf3f/320.jpg?1496395345', '2018-05-25 11:37:02', '2018-05-25 11:37:02')
  [1m[36m (5.4ms)[0m  [1mCOMMIT[0m
  [1m[35m (0.2ms)[0m  BEGIN
  [1m[36mSQL (0.3ms)[0m  [1mINSERT INTO `products` (`title`, `image_url`, `created_at`, `updated_at`) VALUES ('ロスト・イン・パリ', 'http://eiga.k-img.com/images/movie/87049/photo/f644c3ae5d95b99e/320.jpg?1493688809', '2018-05-25 11:37:03', '2018-05-25 11:37:03')[0m
  [1m[35m (5.6ms)[0m  COMMIT
  [1m[36m (0.1ms)[0m  [1mBEGIN[0m
  [1m[35mSQL (0.2ms)[0m  INSERT INTO `products` (`title`, `image_url`, `created_at`, `updated_at`) VALUES ('スターシップ9', 'http://eiga.k-img.com/images/movie/87139/photo/0be455862433630b/320.jpg?1495158426', '2018-05-25 11:37:04', '2018-05-25 11:37:04')
  [1m[36m (5.6ms)[0m  [1mCOMMIT[0m
  [1m[35m (0.1ms)[0m  BEGIN
  [1m[36mSQL (0.3ms)[0m  [1mINSERT INTO `products` (`title`, `image_url`, `created_at`, `updated_at`) VALUES ('きっと、いい日が待っている', 'http://eiga.k-img.com/images/movie/87029/photo/e2b0dc1639406da5/320.jpg?1498018016', '2018-05-25 11:37:05', '2018-05-25 11:37:05')[0m
  [1m[35m (5.5ms)[0m  COMMIT
  [1m[36m (0.1ms)[0m  [1mBEGIN[0m
  [1m[35mSQL (0.2ms)[0m  INSERT INTO `products` (`title`, `image_url`, `created_at`, `updated_at`) VALUES ('俺たちポップスター', 'http://eiga.k-img.com/images/movie/85070/photo/3acc00d40ba746fb/320.jpg?1498702556', '2018-05-25 11:37:05', '2018-05-25 11:37:05')
  [1m[36m (6.0ms)[0m  [1mCOMMIT[0m
  [1m[35m (0.2ms)[0m  BEGIN
  [1m[36mSQL (0.2ms)[0m  [1mINSERT INTO `products` (`title`, `image_url`, `created_at`, `updated_at`) VALUES ('宇宙戦隊キュウレンジャー THE MOVIE ゲース・インダベーの逆襲', 'http://eiga.k-img.com/images/movie/86300/photo/ea8e50fac82eb91c/320.jpg?1499916101', '2018-05-25 11:37:05', '2018-05-25 11:37:05')[0m
  [1m[35m (5.6ms)[0m  COMMIT
